[10:29:51] [ServerMain/INFO]: Environment: authHost='https://authserver.mojang.com', accountsHost='https://api.mojang.com', sessionHost='https://sessionserver.mojang.com', servicesHost='https://api.minecraftservices.com', name='PROD'
[10:29:51] [ServerMain/WARN]: Ambiguity between arguments [teleport, location] and [teleport, destination] with inputs: [0.1 -0.5 .9, 0 0 0]
[10:29:51] [ServerMain/WARN]: Ambiguity between arguments [teleport, location] and [teleport, targets] with inputs: [0.1 -0.5 .9, 0 0 0]
[10:29:51] [ServerMain/WARN]: Ambiguity between arguments [teleport, destination] and [teleport, targets] with inputs: [Player, 0123, @e, dd12be42-52a9-4a91-a8a1-11c01849e498]
[10:29:51] [ServerMain/WARN]: Ambiguity between arguments [teleport, targets] and [teleport, destination] with inputs: [Player, 0123, dd12be42-52a9-4a91-a8a1-11c01849e498]
[10:29:51] [ServerMain/WARN]: Ambiguity between arguments [teleport, targets, location] and [teleport, targets, destination] with inputs: [0.1 -0.5 .9, 0 0 0]
[10:29:51] [ServerMain/INFO]: Reloading ResourceManager: Default
[10:29:52] [Worker-Main-12/INFO]: Loaded 7 recipes
[10:29:52] [Worker-Main-12/INFO]: Loaded 1141 advancements
[10:29:59] [Server thread/INFO]: Starting minecraft server version 21w41a
[10:29:59] [Server thread/INFO]: Loading properties
[10:29:59] [Server thread/INFO]: Default game type: SURVIVAL
[10:29:59] [Server thread/INFO]: Generating keypair
[10:29:59] [Server thread/INFO]: Starting Minecraft server on 26.0.146.241:25565
[10:29:59] [Server thread/INFO]: Using default channel type
[10:30:00] [Server thread/WARN]: **** SERVER IS RUNNING IN OFFLINE/INSECURE MODE!
[10:30:00] [Server thread/WARN]: The server will make no attempt to authenticate usernames. Beware.
[10:30:00] [Server thread/WARN]: While this makes the game possible to play without internet access, it also opens up the ability for hackers to connect with any username they choose.
[10:30:00] [Server thread/WARN]: To change this, set "online-mode" to "true" in the server.properties file.
[10:30:00] [Server thread/INFO]: Preparing level "world"
[10:30:00] [Server thread/INFO]: Preparing start region for dimension minecraft:overworld
[10:30:01] [Worker-Main-18/INFO]: Preparing spawn area: 0%
[10:30:01] [Worker-Main-18/INFO]: Preparing spawn area: 0%
[10:30:01] [Worker-Main-15/INFO]: Preparing spawn area: 0%
[10:30:01] [Worker-Main-14/INFO]: Preparing spawn area: 0%
[10:30:02] [Worker-Main-14/INFO]: Preparing spawn area: 0%
[10:30:02] [Worker-Main-10/INFO]: Preparing spawn area: 0%
[10:30:03] [Worker-Main-13/INFO]: Preparing spawn area: 0%
[10:30:03] [Worker-Main-16/INFO]: Preparing spawn area: 4%
[10:30:04] [Worker-Main-11/INFO]: Preparing spawn area: 4%
[10:30:04] [Worker-Main-15/INFO]: Preparing spawn area: 6%
[10:30:05] [Worker-Main-17/INFO]: Preparing spawn area: 19%
[10:30:05] [Worker-Main-14/INFO]: Preparing spawn area: 19%
[10:30:06] [Worker-Main-18/INFO]: Preparing spawn area: 36%
[10:30:06] [Worker-Main-12/INFO]: Preparing spawn area: 47%
[10:30:07] [Worker-Main-14/INFO]: Preparing spawn area: 74%
[10:30:07] [Worker-Main-15/INFO]: Preparing spawn area: 98%
[10:30:08] [Server thread/INFO]: Time elapsed: 7825 ms
[10:30:08] [Server thread/INFO]: Done (8.009s)! For help, type "help"
[10:33:11] [Server thread/INFO]: RedBonne[/26.243.127.116:62406] logged in with entity id 77 at (529.2665971537481, 93.0, -401.61220378754933)
[10:33:11] [Server thread/INFO]: RedBonne joined the game
[10:34:41] [Server thread/INFO]: RedBonne lost connection: Disconnected
[10:34:41] [Server thread/INFO]: RedBonne left the game
[10:34:45] [Server thread/INFO]: RedBonne[/26.243.127.116:62430] logged in with entity id 743 at (555.1359244763754, 72.0, -415.5738801500003)
[10:34:45] [Server thread/INFO]: RedBonne joined the game
[10:35:10] [Server thread/WARN]: Can't keep up! Is the server overloaded? Running 2200ms or 44 ticks behind
